{"/workspaces/DataPulse---Internal-Metrics-API-Dashboard-Platform/src/middleware/auth.js": {"path":"/workspaces/DataPulse---Internal-Metrics-API-Dashboard-Platform/src/middleware/auth.js","statementMap":{"0":{"start":{"line":13,"column":20},"end":{"line":13,"column":47}},"1":{"start":{"line":14,"column":18},"end":{"line":14,"column":43}},"2":{"start":{"line":15,"column":12},"end":{"line":15,"column":35}},"3":{"start":{"line":17,"column":19},"end":{"line":17,"column":82}},"4":{"start":{"line":21,"column":17},"end":{"line":21,"column":62}},"5":{"start":{"line":22,"column":2},"end":{"line":35,"column":3}},"6":{"start":{"line":23,"column":22},"end":{"line":23,"column":57}},"7":{"start":{"line":24,"column":4},"end":{"line":29,"column":5}},"8":{"start":{"line":25,"column":6},"end":{"line":28,"column":9}},"9":{"start":{"line":30,"column":4},"end":{"line":30,"column":46}},"10":{"start":{"line":31,"column":4},"end":{"line":31,"column":24}},"11":{"start":{"line":32,"column":4},"end":{"line":32,"column":42}},"12":{"start":{"line":33,"column":4},"end":{"line":33,"column":36}},"13":{"start":{"line":34,"column":4},"end":{"line":34,"column":18}},"14":{"start":{"line":38,"column":21},"end":{"line":38,"column":49}},"15":{"start":{"line":39,"column":2},"end":{"line":53,"column":3}},"16":{"start":{"line":40,"column":18},"end":{"line":40,"column":37}},"17":{"start":{"line":41,"column":4},"end":{"line":52,"column":5}},"18":{"start":{"line":42,"column":22},"end":{"line":42,"column":51}},"19":{"start":{"line":43,"column":6},"end":{"line":43,"column":46}},"20":{"start":{"line":44,"column":6},"end":{"line":44,"column":25}},"21":{"start":{"line":45,"column":6},"end":{"line":45,"column":42}},"22":{"start":{"line":46,"column":6},"end":{"line":46,"column":20}},"23":{"start":{"line":48,"column":6},"end":{"line":51,"column":9}},"24":{"start":{"line":55,"column":2},"end":{"line":58,"column":5}},"25":{"start":{"line":62,"column":2},"end":{"line":75,"column":4}},"26":{"start":{"line":63,"column":26},"end":{"line":63,"column":60}},"27":{"start":{"line":64,"column":22},"end":{"line":64,"column":50}},"28":{"start":{"line":65,"column":24},"end":{"line":65,"column":81}},"29":{"start":{"line":65,"column":58},"end":{"line":65,"column":79}},"30":{"start":{"line":67,"column":4},"end":{"line":73,"column":5}},"31":{"start":{"line":68,"column":6},"end":{"line":72,"column":9}},"32":{"start":{"line":74,"column":4},"end":{"line":74,"column":11}},"33":{"start":{"line":78,"column":0},"end":{"line":78,"column":46}}},"fnMap":{"0":{"name":"requireAuth","decl":{"start":{"line":19,"column":15},"end":{"line":19,"column":26}},"loc":{"start":{"line":19,"column":43},"end":{"line":59,"column":1}},"line":19},"1":{"name":"requireRole","decl":{"start":{"line":61,"column":9},"end":{"line":61,"column":20}},"loc":{"start":{"line":61,"column":35},"end":{"line":76,"column":1}},"line":61},"2":{"name":"(anonymous_2)","decl":{"start":{"line":62,"column":9},"end":{"line":62,"column":10}},"loc":{"start":{"line":62,"column":29},"end":{"line":75,"column":3}},"line":62},"3":{"name":"(anonymous_3)","decl":{"start":{"line":65,"column":53},"end":{"line":65,"column":54}},"loc":{"start":{"line":65,"column":58},"end":{"line":65,"column":79}},"line":65}},"branchMap":{"0":{"loc":{"start":{"line":17,"column":19},"end":{"line":17,"column":82}},"type":"binary-expr","locations":[{"start":{"line":17,"column":19},"end":{"line":17,"column":41}},{"start":{"line":17,"column":45},"end":{"line":17,"column":82}}],"line":17},"1":{"loc":{"start":{"line":21,"column":17},"end":{"line":21,"column":62}},"type":"binary-expr","locations":[{"start":{"line":21,"column":17},"end":{"line":21,"column":41}},{"start":{"line":21,"column":45},"end":{"line":21,"column":62}}],"line":21},"2":{"loc":{"start":{"line":22,"column":2},"end":{"line":35,"column":3}},"type":"if","locations":[{"start":{"line":22,"column":2},"end":{"line":35,"column":3}},{"start":{},"end":{}}],"line":22},"3":{"loc":{"start":{"line":24,"column":4},"end":{"line":29,"column":5}},"type":"if","locations":[{"start":{"line":24,"column":4},"end":{"line":29,"column":5}},{"start":{},"end":{}}],"line":24},"4":{"loc":{"start":{"line":24,"column":8},"end":{"line":24,"column":39}},"type":"binary-expr","locations":[{"start":{"line":24,"column":8},"end":{"line":24,"column":18}},{"start":{"line":24,"column":22},"end":{"line":24,"column":39}}],"line":24},"5":{"loc":{"start":{"line":32,"column":15},"end":{"line":32,"column":41}},"type":"binary-expr","locations":[{"start":{"line":32,"column":15},"end":{"line":32,"column":29}},{"start":{"line":32,"column":33},"end":{"line":32,"column":41}}],"line":32},"6":{"loc":{"start":{"line":39,"column":2},"end":{"line":53,"column":3}},"type":"if","locations":[{"start":{"line":39,"column":2},"end":{"line":53,"column":3}},{"start":{},"end":{}}],"line":39},"7":{"loc":{"start":{"line":39,"column":6},"end":{"line":39,"column":52}},"type":"binary-expr","locations":[{"start":{"line":39,"column":6},"end":{"line":39,"column":16}},{"start":{"line":39,"column":20},"end":{"line":39,"column":52}}],"line":39},"8":{"loc":{"start":{"line":45,"column":17},"end":{"line":45,"column":41}},"type":"binary-expr","locations":[{"start":{"line":45,"column":17},"end":{"line":45,"column":29}},{"start":{"line":45,"column":33},"end":{"line":45,"column":41}}],"line":45},"9":{"loc":{"start":{"line":64,"column":22},"end":{"line":64,"column":50}},"type":"binary-expr","locations":[{"start":{"line":64,"column":22},"end":{"line":64,"column":45}},{"start":{"line":64,"column":49},"end":{"line":64,"column":50}}],"line":64},"10":{"loc":{"start":{"line":65,"column":58},"end":{"line":65,"column":79}},"type":"binary-expr","locations":[{"start":{"line":65,"column":58},"end":{"line":65,"column":74}},{"start":{"line":65,"column":78},"end":{"line":65,"column":79}}],"line":65},"11":{"loc":{"start":{"line":67,"column":4},"end":{"line":73,"column":5}},"type":"if","locations":[{"start":{"line":67,"column":4},"end":{"line":73,"column":5}},{"start":{},"end":{}}],"line":67}},"s":{"0":1,"1":1,"2":1,"3":1,"4":0,"5":0,"6":0,"7":0,"8":0,"9":0,"10":0,"11":0,"12":0,"13":0,"14":0,"15":0,"16":0,"17":0,"18":0,"19":0,"20":0,"21":0,"22":0,"23":0,"24":0,"25":3,"26":3,"27":3,"28":3,"29":4,"30":3,"31":1,"32":2,"33":1},"f":{"0":0,"1":3,"2":3,"3":4},"b":{"0":[1,1],"1":[0,0],"2":[0,0],"3":[0,0],"4":[0,0],"5":[0,0],"6":[0,0],"7":[0,0],"8":[0,0],"9":[3,0],"10":[4,0],"11":[1,2]},"_coverageSchema":"1a1c01bbd47fc00a2c39e90264f33305004495a9","hash":"65e33cf2682b84e79847b24bdd94b303536fa975"}
,"/workspaces/DataPulse---Internal-Metrics-API-Dashboard-Platform/src/middleware/idempotency.js": {"path":"/workspaces/DataPulse---Internal-Metrics-API-Dashboard-Platform/src/middleware/idempotency.js","statementMap":{"0":{"start":{"line":10,"column":18},"end":{"line":10,"column":27}},"1":{"start":{"line":11,"column":15},"end":{"line":11,"column":34}},"2":{"start":{"line":14,"column":14},"end":{"line":14,"column":46}},"3":{"start":{"line":15,"column":2},"end":{"line":15,"column":26}},"4":{"start":{"line":15,"column":12},"end":{"line":15,"column":26}},"5":{"start":{"line":17,"column":2},"end":{"line":17,"column":27}},"6":{"start":{"line":19,"column":17},"end":{"line":19,"column":35}},"7":{"start":{"line":20,"column":2},"end":{"line":29,"column":3}},"8":{"start":{"line":21,"column":16},"end":{"line":21,"column":45}},"9":{"start":{"line":22,"column":4},"end":{"line":27,"column":5}},"10":{"start":{"line":23,"column":6},"end":{"line":26,"column":9}},"11":{"start":{"line":28,"column":4},"end":{"line":28,"column":26}},"12":{"start":{"line":31,"column":2},"end":{"line":31,"column":9}},"13":{"start":{"line":35,"column":2},"end":{"line":35,"column":56}},"14":{"start":{"line":37,"column":2},"end":{"line":39,"column":3}},"15":{"start":{"line":38,"column":4},"end":{"line":38,"column":63}},"16":{"start":{"line":38,"column":43},"end":{"line":38,"column":63}},"17":{"start":{"line":42,"column":0},"end":{"line":42,"column":53}}},"fnMap":{"0":{"name":"checkIdempotency","decl":{"start":{"line":13,"column":9},"end":{"line":13,"column":25}},"loc":{"start":{"line":13,"column":42},"end":{"line":32,"column":1}},"line":13},"1":{"name":"markProcessed","decl":{"start":{"line":34,"column":9},"end":{"line":34,"column":22}},"loc":{"start":{"line":34,"column":36},"end":{"line":40,"column":1}},"line":34}},"branchMap":{"0":{"loc":{"start":{"line":15,"column":2},"end":{"line":15,"column":26}},"type":"if","locations":[{"start":{"line":15,"column":2},"end":{"line":15,"column":26}},{"start":{},"end":{}}],"line":15},"1":{"loc":{"start":{"line":20,"column":2},"end":{"line":29,"column":3}},"type":"if","locations":[{"start":{"line":20,"column":2},"end":{"line":29,"column":3}},{"start":{},"end":{}}],"line":20},"2":{"loc":{"start":{"line":22,"column":4},"end":{"line":27,"column":5}},"type":"if","locations":[{"start":{"line":22,"column":4},"end":{"line":27,"column":5}},{"start":{},"end":{}}],"line":22},"3":{"loc":{"start":{"line":38,"column":4},"end":{"line":38,"column":63}},"type":"if","locations":[{"start":{"line":38,"column":4},"end":{"line":38,"column":63}},{"start":{},"end":{}}],"line":38}},"s":{"0":1,"1":1,"2":2,"3":2,"4":0,"5":2,"6":2,"7":2,"8":1,"9":1,"10":1,"11":0,"12":1,"13":1,"14":1,"15":1,"16":0,"17":1},"f":{"0":2,"1":1},"b":{"0":[0,2],"1":[1,1],"2":[1,0],"3":[0,1]},"_coverageSchema":"1a1c01bbd47fc00a2c39e90264f33305004495a9","hash":"4ffce398075989de169e248e0f85f9031a8d06d5"}
,"/workspaces/DataPulse---Internal-Metrics-API-Dashboard-Platform/src/models/AlertHistory.js": {"path":"/workspaces/DataPulse---Internal-Metrics-API-Dashboard-Platform/src/models/AlertHistory.js","statementMap":{"0":{"start":{"line":3,"column":16},"end":{"line":3,"column":18}},"1":{"start":{"line":5,"column":21},"end":{"line":20,"column":1}},"2":{"start":{"line":7,"column":4},"end":{"line":7,"column":97}},"3":{"start":{"line":8,"column":4},"end":{"line":8,"column":47}},"4":{"start":{"line":8,"column":31},"end":{"line":8,"column":47}},"5":{"start":{"line":12,"column":4},"end":{"line":12,"column":66}},"6":{"start":{"line":12,"column":31},"end":{"line":12,"column":54}},"7":{"start":{"line":16,"column":4},"end":{"line":16,"column":88}},"8":{"start":{"line":16,"column":31},"end":{"line":16,"column":62}},"9":{"start":{"line":19,"column":13},"end":{"line":19,"column":32}},"10":{"start":{"line":22,"column":0},"end":{"line":22,"column":30}}},"fnMap":{"0":{"name":"(anonymous_0)","decl":{"start":{"line":6,"column":2},"end":{"line":6,"column":3}},"loc":{"start":{"line":6,"column":16},"end":{"line":9,"column":3}},"line":6},"1":{"name":"(anonymous_1)","decl":{"start":{"line":11,"column":2},"end":{"line":11,"column":3}},"loc":{"start":{"line":11,"column":23},"end":{"line":13,"column":3}},"line":11},"2":{"name":"(anonymous_2)","decl":{"start":{"line":12,"column":26},"end":{"line":12,"column":27}},"loc":{"start":{"line":12,"column":31},"end":{"line":12,"column":54}},"line":12},"3":{"name":"(anonymous_3)","decl":{"start":{"line":15,"column":2},"end":{"line":15,"column":3}},"loc":{"start":{"line":15,"column":43},"end":{"line":17,"column":3}},"line":15},"4":{"name":"(anonymous_4)","decl":{"start":{"line":16,"column":26},"end":{"line":16,"column":27}},"loc":{"start":{"line":16,"column":31},"end":{"line":16,"column":62}},"line":16},"5":{"name":"(anonymous_5)","decl":{"start":{"line":19,"column":2},"end":{"line":19,"column":3}},"loc":{"start":{"line":19,"column":11},"end":{"line":19,"column":34}},"line":19}},"branchMap":{"0":{"loc":{"start":{"line":8,"column":4},"end":{"line":8,"column":47}},"type":"if","locations":[{"start":{"line":8,"column":4},"end":{"line":8,"column":47}},{"start":{},"end":{}}],"line":8},"1":{"loc":{"start":{"line":15,"column":31},"end":{"line":15,"column":41}},"type":"default-arg","locations":[{"start":{"line":15,"column":39},"end":{"line":15,"column":41}}],"line":15}},"s":{"0":1,"1":1,"2":3,"3":3,"4":0,"5":2,"6":3,"7":0,"8":0,"9":3,"10":1},"f":{"0":3,"1":2,"2":3,"3":0,"4":0,"5":3},"b":{"0":[0,3],"1":[0]},"_coverageSchema":"1a1c01bbd47fc00a2c39e90264f33305004495a9","hash":"28be9bcd3c06283b24a24bdcaec572c045c32939"}
,"/workspaces/DataPulse---Internal-Metrics-API-Dashboard-Platform/src/models/ApiKey.js": {"path":"/workspaces/DataPulse---Internal-Metrics-API-Dashboard-Platform/src/models/ApiKey.js","statementMap":{"0":{"start":{"line":7,"column":15},"end":{"line":7,"column":32}},"1":{"start":{"line":9,"column":13},"end":{"line":9,"column":22}},"2":{"start":{"line":11,"column":20},"end":{"line":66,"column":1}},"3":{"start":{"line":13,"column":19},"end":{"line":13,"column":65}},"4":{"start":{"line":14,"column":17},"end":{"line":14,"column":73}},"5":{"start":{"line":16,"column":19},"end":{"line":27,"column":5}},"6":{"start":{"line":29,"column":4},"end":{"line":29,"column":27}},"7":{"start":{"line":31,"column":4},"end":{"line":31,"column":42}},"8":{"start":{"line":35,"column":17},"end":{"line":35,"column":73}},"9":{"start":{"line":36,"column":4},"end":{"line":36,"column":34}},"10":{"start":{"line":40,"column":4},"end":{"line":42,"column":40}},"11":{"start":{"line":41,"column":19},"end":{"line":41,"column":50}},"12":{"start":{"line":42,"column":34},"end":{"line":42,"column":38}},"13":{"start":{"line":46,"column":4},"end":{"line":52,"column":5}},"14":{"start":{"line":47,"column":6},"end":{"line":51,"column":7}},"15":{"start":{"line":48,"column":8},"end":{"line":48,"column":30}},"16":{"start":{"line":49,"column":8},"end":{"line":49,"column":53}},"17":{"start":{"line":50,"column":8},"end":{"line":50,"column":20}},"18":{"start":{"line":53,"column":4},"end":{"line":53,"column":17}},"19":{"start":{"line":57,"column":17},"end":{"line":57,"column":73}},"20":{"start":{"line":58,"column":19},"end":{"line":58,"column":33}},"21":{"start":{"line":59,"column":4},"end":{"line":62,"column":5}},"22":{"start":{"line":60,"column":6},"end":{"line":60,"column":53}},"23":{"start":{"line":61,"column":6},"end":{"line":61,"column":27}},"24":{"start":{"line":65,"column":13},"end":{"line":65,"column":26}},"25":{"start":{"line":68,"column":0},"end":{"line":68,"column":29}}},"fnMap":{"0":{"name":"(anonymous_0)","decl":{"start":{"line":12,"column":2},"end":{"line":12,"column":3}},"loc":{"start":{"line":12,"column":69},"end":{"line":32,"column":3}},"line":12},"1":{"name":"(anonymous_1)","decl":{"start":{"line":34,"column":2},"end":{"line":34,"column":3}},"loc":{"start":{"line":34,"column":20},"end":{"line":37,"column":3}},"line":34},"2":{"name":"(anonymous_2)","decl":{"start":{"line":39,"column":2},"end":{"line":39,"column":3}},"loc":{"start":{"line":39,"column":32},"end":{"line":43,"column":3}},"line":39},"3":{"name":"(anonymous_3)","decl":{"start":{"line":41,"column":14},"end":{"line":41,"column":15}},"loc":{"start":{"line":41,"column":19},"end":{"line":41,"column":50}},"line":41},"4":{"name":"(anonymous_4)","decl":{"start":{"line":42,"column":11},"end":{"line":42,"column":12}},"loc":{"start":{"line":42,"column":34},"end":{"line":42,"column":38}},"line":42},"5":{"name":"(anonymous_5)","decl":{"start":{"line":45,"column":2},"end":{"line":45,"column":3}},"loc":{"start":{"line":45,"column":30},"end":{"line":54,"column":3}},"line":45},"6":{"name":"(anonymous_6)","decl":{"start":{"line":56,"column":2},"end":{"line":56,"column":3}},"loc":{"start":{"line":56,"column":22},"end":{"line":63,"column":3}},"line":56},"7":{"name":"(anonymous_7)","decl":{"start":{"line":65,"column":2},"end":{"line":65,"column":3}},"loc":{"start":{"line":65,"column":11},"end":{"line":65,"column":28}},"line":65}},"branchMap":{"0":{"loc":{"start":{"line":12,"column":25},"end":{"line":12,"column":67}},"type":"default-arg","locations":[{"start":{"line":12,"column":65},"end":{"line":12,"column":67}}],"line":12},"1":{"loc":{"start":{"line":12,"column":27},"end":{"line":12,"column":43}},"type":"default-arg","locations":[{"start":{"line":12,"column":34},"end":{"line":12,"column":43}}],"line":12},"2":{"loc":{"start":{"line":12,"column":45},"end":{"line":12,"column":60}},"type":"default-arg","locations":[{"start":{"line":12,"column":52},"end":{"line":12,"column":60}}],"line":12},"3":{"loc":{"start":{"line":36,"column":11},"end":{"line":36,"column":33}},"type":"binary-expr","locations":[{"start":{"line":36,"column":11},"end":{"line":36,"column":25}},{"start":{"line":36,"column":29},"end":{"line":36,"column":33}}],"line":36},"4":{"loc":{"start":{"line":47,"column":6},"end":{"line":51,"column":7}},"type":"if","locations":[{"start":{"line":47,"column":6},"end":{"line":51,"column":7}},{"start":{},"end":{}}],"line":47},"5":{"loc":{"start":{"line":47,"column":10},"end":{"line":47,"column":69}},"type":"binary-expr","locations":[{"start":{"line":47,"column":10},"end":{"line":47,"column":46}},{"start":{"line":47,"column":50},"end":{"line":47,"column":69}}],"line":47},"6":{"loc":{"start":{"line":59,"column":4},"end":{"line":62,"column":5}},"type":"if","locations":[{"start":{"line":59,"column":4},"end":{"line":62,"column":5}},{"start":{},"end":{}}],"line":59}},"s":{"0":1,"1":1,"2":1,"3":0,"4":0,"5":0,"6":0,"7":0,"8":0,"9":0,"10":0,"11":0,"12":0,"13":0,"14":0,"15":0,"16":0,"17":0,"18":0,"19":0,"20":0,"21":0,"22":0,"23":0,"24":0,"25":1},"f":{"0":0,"1":0,"2":0,"3":0,"4":0,"5":0,"6":0,"7":0},"b":{"0":[0],"1":[0],"2":[0],"3":[0,0],"4":[0,0],"5":[0,0],"6":[0,0]},"_coverageSchema":"1a1c01bbd47fc00a2c39e90264f33305004495a9","hash":"48986b757098e91ada8fd301294e38c0180f2c39"}
,"/workspaces/DataPulse---Internal-Metrics-API-Dashboard-Platform/src/models/MetricContract.js": {"path":"/workspaces/DataPulse---Internal-Metrics-API-Dashboard-Platform/src/models/MetricContract.js","statementMap":{"0":{"start":{"line":10,"column":18},"end":{"line":10,"column":27}},"1":{"start":{"line":30,"column":22},"end":{"line":87,"column":1}},"2":{"start":{"line":35,"column":16},"end":{"line":35,"column":58}},"3":{"start":{"line":36,"column":21},"end":{"line":36,"column":39}},"4":{"start":{"line":38,"column":21},"end":{"line":53,"column":5}},"5":{"start":{"line":55,"column":4},"end":{"line":55,"column":33}},"6":{"start":{"line":56,"column":4},"end":{"line":56,"column":20}},"7":{"start":{"line":63,"column":4},"end":{"line":63,"column":67}},"8":{"start":{"line":70,"column":19},"end":{"line":70,"column":21}},"9":{"start":{"line":71,"column":4},"end":{"line":73,"column":5}},"10":{"start":{"line":72,"column":6},"end":{"line":72,"column":68}},"11":{"start":{"line":72,"column":46},"end":{"line":72,"column":68}},"12":{"start":{"line":74,"column":4},"end":{"line":74,"column":18}},"13":{"start":{"line":81,"column":4},"end":{"line":81,"column":62}},"14":{"start":{"line":85,"column":13},"end":{"line":85,"column":31}},"15":{"start":{"line":86,"column":12},"end":{"line":86,"column":34}},"16":{"start":{"line":89,"column":0},"end":{"line":89,"column":31}}},"fnMap":{"0":{"name":"(anonymous_0)","decl":{"start":{"line":34,"column":2},"end":{"line":34,"column":3}},"loc":{"start":{"line":34,"column":15},"end":{"line":57,"column":3}},"line":34},"1":{"name":"(anonymous_1)","decl":{"start":{"line":62,"column":2},"end":{"line":62,"column":3}},"loc":{"start":{"line":62,"column":33},"end":{"line":64,"column":3}},"line":62},"2":{"name":"(anonymous_2)","decl":{"start":{"line":69,"column":2},"end":{"line":69,"column":3}},"loc":{"start":{"line":69,"column":32},"end":{"line":75,"column":3}},"line":69},"3":{"name":"(anonymous_3)","decl":{"start":{"line":80,"column":2},"end":{"line":80,"column":3}},"loc":{"start":{"line":80,"column":36},"end":{"line":82,"column":3}},"line":80},"4":{"name":"(anonymous_4)","decl":{"start":{"line":85,"column":2},"end":{"line":85,"column":3}},"loc":{"start":{"line":85,"column":11},"end":{"line":85,"column":33}},"line":85},"5":{"name":"(anonymous_5)","decl":{"start":{"line":86,"column":2},"end":{"line":86,"column":3}},"loc":{"start":{"line":86,"column":10},"end":{"line":86,"column":36}},"line":86}},"branchMap":{"0":{"loc":{"start":{"line":41,"column":19},"end":{"line":41,"column":41}},"type":"binary-expr","locations":[{"start":{"line":41,"column":19},"end":{"line":41,"column":35}},{"start":{"line":41,"column":39},"end":{"line":41,"column":41}}],"line":41},"1":{"loc":{"start":{"line":43,"column":19},"end":{"line":43,"column":43}},"type":"binary-expr","locations":[{"start":{"line":43,"column":19},"end":{"line":43,"column":35}},{"start":{"line":43,"column":39},"end":{"line":43,"column":43}}],"line":43},"2":{"loc":{"start":{"line":44,"column":19},"end":{"line":44,"column":43}},"type":"binary-expr","locations":[{"start":{"line":44,"column":19},"end":{"line":44,"column":35}},{"start":{"line":44,"column":39},"end":{"line":44,"column":43}}],"line":44},"3":{"loc":{"start":{"line":45,"column":26},"end":{"line":45,"column":60}},"type":"binary-expr","locations":[{"start":{"line":45,"column":26},"end":{"line":45,"column":49}},{"start":{"line":45,"column":53},"end":{"line":45,"column":60}}],"line":45},"4":{"loc":{"start":{"line":46,"column":13},"end":{"line":46,"column":36}},"type":"binary-expr","locations":[{"start":{"line":46,"column":13},"end":{"line":46,"column":23}},{"start":{"line":46,"column":27},"end":{"line":46,"column":36}}],"line":46},"5":{"loc":{"start":{"line":47,"column":21},"end":{"line":47,"column":94}},"type":"binary-expr","locations":[{"start":{"line":47,"column":21},"end":{"line":47,"column":39}},{"start":{"line":47,"column":43},"end":{"line":47,"column":94}}],"line":47},"6":{"loc":{"start":{"line":48,"column":24},"end":{"line":48,"column":80}},"type":"binary-expr","locations":[{"start":{"line":48,"column":24},"end":{"line":48,"column":45}},{"start":{"line":48,"column":49},"end":{"line":48,"column":80}}],"line":48},"7":{"loc":{"start":{"line":49,"column":24},"end":{"line":49,"column":60}},"type":"binary-expr","locations":[{"start":{"line":49,"column":24},"end":{"line":49,"column":45}},{"start":{"line":49,"column":49},"end":{"line":49,"column":60}}],"line":49},"8":{"loc":{"start":{"line":50,"column":18},"end":{"line":50,"column":66}},"type":"binary-expr","locations":[{"start":{"line":50,"column":18},"end":{"line":50,"column":38}},{"start":{"line":50,"column":42},"end":{"line":50,"column":66}}],"line":50},"9":{"loc":{"start":{"line":52,"column":16},"end":{"line":52,"column":38}},"type":"binary-expr","locations":[{"start":{"line":52,"column":16},"end":{"line":52,"column":33}},{"start":{"line":52,"column":37},"end":{"line":52,"column":38}}],"line":52},"10":{"loc":{"start":{"line":63,"column":11},"end":{"line":63,"column":66}},"type":"binary-expr","locations":[{"start":{"line":63,"column":11},"end":{"line":63,"column":58}},{"start":{"line":63,"column":62},"end":{"line":63,"column":66}}],"line":63},"11":{"loc":{"start":{"line":72,"column":6},"end":{"line":72,"column":68}},"type":"if","locations":[{"start":{"line":72,"column":6},"end":{"line":72,"column":68}},{"start":{},"end":{}}],"line":72}},"s":{"0":1,"1":1,"2":5,"3":5,"4":5,"5":5,"6":5,"7":6,"8":0,"9":0,"10":0,"11":0,"12":0,"13":0,"14":6,"15":0,"16":1},"f":{"0":5,"1":6,"2":0,"3":0,"4":6,"5":0},"b":{"0":[5,5],"1":[5,3],"2":[5,2],"3":[5,5],"4":[5,5],"5":[5,5],"6":[5,5],"7":[5,0],"8":[5,5],"9":[5,5],"10":[6,1],"11":[0,0]},"_coverageSchema":"1a1c01bbd47fc00a2c39e90264f33305004495a9","hash":"dbc8f3c4334cd50ab63af1938b844bbc427ba5f1"}
,"/workspaces/DataPulse---Internal-Metrics-API-Dashboard-Platform/src/models/MetricEvent.js": {"path":"/workspaces/DataPulse---Internal-Metrics-API-Dashboard-Platform/src/models/MetricEvent.js","statementMap":{"0":{"start":{"line":3,"column":23},"end":{"line":3,"column":38}},"1":{"start":{"line":5,"column":15},"end":{"line":5,"column":17}},"2":{"start":{"line":7,"column":20},"end":{"line":37,"column":1}},"3":{"start":{"line":9,"column":18},"end":{"line":13,"column":5}},"4":{"start":{"line":14,"column":4},"end":{"line":14,"column":23}},"5":{"start":{"line":15,"column":4},"end":{"line":15,"column":34}},"6":{"start":{"line":19,"column":21},"end":{"line":21,"column":5}},"7":{"start":{"line":20,"column":11},"end":{"line":20,"column":75}},"8":{"start":{"line":22,"column":4},"end":{"line":22,"column":66}},"9":{"start":{"line":26,"column":18},"end":{"line":26,"column":57}},"10":{"start":{"line":27,"column":21},"end":{"line":32,"column":5}},"11":{"start":{"line":29,"column":8},"end":{"line":31,"column":70}},"12":{"start":{"line":33,"column":4},"end":{"line":33,"column":37}},"13":{"start":{"line":36,"column":13},"end":{"line":36,"column":31}},"14":{"start":{"line":39,"column":0},"end":{"line":39,"column":29}}},"fnMap":{"0":{"name":"(anonymous_0)","decl":{"start":{"line":8,"column":2},"end":{"line":8,"column":3}},"loc":{"start":{"line":8,"column":18},"end":{"line":16,"column":3}},"line":8},"1":{"name":"(anonymous_1)","decl":{"start":{"line":18,"column":2},"end":{"line":18,"column":3}},"loc":{"start":{"line":18,"column":39},"end":{"line":23,"column":3}},"line":18},"2":{"name":"(anonymous_2)","decl":{"start":{"line":20,"column":6},"end":{"line":20,"column":7}},"loc":{"start":{"line":20,"column":11},"end":{"line":20,"column":75}},"line":20},"3":{"name":"(anonymous_3)","decl":{"start":{"line":25,"column":2},"end":{"line":25,"column":3}},"loc":{"start":{"line":25,"column":51},"end":{"line":34,"column":3}},"line":25},"4":{"name":"(anonymous_4)","decl":{"start":{"line":28,"column":6},"end":{"line":28,"column":7}},"loc":{"start":{"line":29,"column":8},"end":{"line":31,"column":70}},"line":29},"5":{"name":"(anonymous_5)","decl":{"start":{"line":36,"column":2},"end":{"line":36,"column":3}},"loc":{"start":{"line":36,"column":11},"end":{"line":36,"column":33}},"line":36}},"branchMap":{"0":{"loc":{"start":{"line":20,"column":11},"end":{"line":20,"column":75}},"type":"binary-expr","locations":[{"start":{"line":20,"column":11},"end":{"line":20,"column":42}},{"start":{"line":20,"column":46},"end":{"line":20,"column":75}}],"line":20},"1":{"loc":{"start":{"line":22,"column":27},"end":{"line":22,"column":64}},"type":"binary-expr","locations":[{"start":{"line":22,"column":27},"end":{"line":22,"column":56}},{"start":{"line":22,"column":60},"end":{"line":22,"column":64}}],"line":22},"2":{"loc":{"start":{"line":25,"column":40},"end":{"line":25,"column":49}},"type":"default-arg","locations":[{"start":{"line":25,"column":47},"end":{"line":25,"column":49}}],"line":25},"3":{"loc":{"start":{"line":29,"column":8},"end":{"line":31,"column":70}},"type":"binary-expr","locations":[{"start":{"line":29,"column":8},"end":{"line":29,"column":39}},{"start":{"line":30,"column":8},"end":{"line":30,"column":37}},{"start":{"line":31,"column":8},"end":{"line":31,"column":70}}],"line":29},"4":{"loc":{"start":{"line":31,"column":17},"end":{"line":31,"column":50}},"type":"binary-expr","locations":[{"start":{"line":31,"column":17},"end":{"line":31,"column":34}},{"start":{"line":31,"column":38},"end":{"line":31,"column":50}}],"line":31}},"s":{"0":1,"1":1,"2":1,"3":0,"4":0,"5":0,"6":0,"7":0,"8":0,"9":0,"10":0,"11":0,"12":0,"13":0,"14":1},"f":{"0":0,"1":0,"2":0,"3":0,"4":0,"5":0},"b":{"0":[0,0],"1":[0,0],"2":[0],"3":[0,0,0],"4":[0,0]},"_coverageSchema":"1a1c01bbd47fc00a2c39e90264f33305004495a9","hash":"d205f0c3ef047eb2f97373258340229594d88d8b"}
,"/workspaces/DataPulse---Internal-Metrics-API-Dashboard-Platform/src/models/User.js": {"path":"/workspaces/DataPulse---Internal-Metrics-API-Dashboard-Platform/src/models/User.js","statementMap":{"0":{"start":{"line":10,"column":15},"end":{"line":10,"column":32}},"1":{"start":{"line":12,"column":14},"end":{"line":12,"column":23}},"2":{"start":{"line":13,"column":19},"end":{"line":13,"column":28}},"3":{"start":{"line":15,"column":18},"end":{"line":62,"column":1}},"4":{"start":{"line":17,"column":4},"end":{"line":17,"column":50}},"5":{"start":{"line":17,"column":26},"end":{"line":17,"column":50}},"6":{"start":{"line":19,"column":17},"end":{"line":26,"column":5}},"7":{"start":{"line":27,"column":4},"end":{"line":27,"column":27}},"8":{"start":{"line":28,"column":4},"end":{"line":28,"column":16}},"9":{"start":{"line":32,"column":4},"end":{"line":32,"column":36}},"10":{"start":{"line":36,"column":17},"end":{"line":36,"column":33}},"11":{"start":{"line":37,"column":4},"end":{"line":37,"column":31}},"12":{"start":{"line":37,"column":14},"end":{"line":37,"column":31}},"13":{"start":{"line":38,"column":4},"end":{"line":38,"column":16}},"14":{"start":{"line":42,"column":18},"end":{"line":42,"column":56}},"15":{"start":{"line":43,"column":23},"end":{"line":43,"column":50}},"16":{"start":{"line":44,"column":4},"end":{"line":44,"column":49}},"17":{"start":{"line":45,"column":4},"end":{"line":45,"column":17}},"18":{"start":{"line":49,"column":17},"end":{"line":49,"column":38}},"19":{"start":{"line":50,"column":4},"end":{"line":50,"column":27}},"20":{"start":{"line":50,"column":15},"end":{"line":50,"column":27}},"21":{"start":{"line":51,"column":4},"end":{"line":54,"column":5}},"22":{"start":{"line":52,"column":6},"end":{"line":52,"column":31}},"23":{"start":{"line":53,"column":6},"end":{"line":53,"column":18}},"24":{"start":{"line":55,"column":4},"end":{"line":55,"column":29}},"25":{"start":{"line":56,"column":17},"end":{"line":56,"column":38}},"26":{"start":{"line":57,"column":4},"end":{"line":57,"column":57}},"27":{"start":{"line":57,"column":14},"end":{"line":57,"column":57}},"28":{"start":{"line":58,"column":4},"end":{"line":58,"column":16}},"29":{"start":{"line":61,"column":13},"end":{"line":61,"column":27}},"30":{"start":{"line":61,"column":28},"end":{"line":61,"column":47}},"31":{"start":{"line":64,"column":0},"end":{"line":64,"column":27}}},"fnMap":{"0":{"name":"(anonymous_0)","decl":{"start":{"line":16,"column":2},"end":{"line":16,"column":3}},"loc":{"start":{"line":16,"column":53},"end":{"line":29,"column":3}},"line":16},"1":{"name":"(anonymous_1)","decl":{"start":{"line":31,"column":2},"end":{"line":31,"column":3}},"loc":{"start":{"line":31,"column":21},"end":{"line":33,"column":3}},"line":31},"2":{"name":"(anonymous_2)","decl":{"start":{"line":35,"column":2},"end":{"line":35,"column":3}},"loc":{"start":{"line":35,"column":26},"end":{"line":39,"column":3}},"line":35},"3":{"name":"(anonymous_3)","decl":{"start":{"line":41,"column":2},"end":{"line":41,"column":3}},"loc":{"start":{"line":41,"column":25},"end":{"line":46,"column":3}},"line":41},"4":{"name":"(anonymous_4)","decl":{"start":{"line":48,"column":2},"end":{"line":48,"column":3}},"loc":{"start":{"line":48,"column":25},"end":{"line":59,"column":3}},"line":48},"5":{"name":"(anonymous_5)","decl":{"start":{"line":61,"column":2},"end":{"line":61,"column":3}},"loc":{"start":{"line":61,"column":11},"end":{"line":61,"column":49}},"line":61}},"branchMap":{"0":{"loc":{"start":{"line":16,"column":36},"end":{"line":16,"column":51}},"type":"default-arg","locations":[{"start":{"line":16,"column":43},"end":{"line":16,"column":51}}],"line":16},"1":{"loc":{"start":{"line":17,"column":4},"end":{"line":17,"column":50}},"type":"if","locations":[{"start":{"line":17,"column":4},"end":{"line":17,"column":50}},{"start":{},"end":{}}],"line":17},"2":{"loc":{"start":{"line":32,"column":11},"end":{"line":32,"column":35}},"type":"binary-expr","locations":[{"start":{"line":32,"column":11},"end":{"line":32,"column":27}},{"start":{"line":32,"column":31},"end":{"line":32,"column":35}}],"line":32},"3":{"loc":{"start":{"line":37,"column":4},"end":{"line":37,"column":31}},"type":"if","locations":[{"start":{"line":37,"column":4},"end":{"line":37,"column":31}},{"start":{},"end":{}}],"line":37},"4":{"loc":{"start":{"line":50,"column":4},"end":{"line":50,"column":27}},"type":"if","locations":[{"start":{"line":50,"column":4},"end":{"line":50,"column":27}},{"start":{},"end":{}}],"line":50},"5":{"loc":{"start":{"line":51,"column":4},"end":{"line":54,"column":5}},"type":"if","locations":[{"start":{"line":51,"column":4},"end":{"line":54,"column":5}},{"start":{},"end":{}}],"line":51},"6":{"loc":{"start":{"line":57,"column":4},"end":{"line":57,"column":57}},"type":"if","locations":[{"start":{"line":57,"column":4},"end":{"line":57,"column":57}},{"start":{},"end":{}}],"line":57}},"s":{"0":1,"1":1,"2":1,"3":1,"4":0,"5":0,"6":0,"7":0,"8":0,"9":0,"10":0,"11":0,"12":0,"13":0,"14":0,"15":0,"16":0,"17":0,"18":0,"19":0,"20":0,"21":0,"22":0,"23":0,"24":0,"25":0,"26":0,"27":0,"28":0,"29":0,"30":0,"31":1},"f":{"0":0,"1":0,"2":0,"3":0,"4":0,"5":0},"b":{"0":[0],"1":[0,0],"2":[0,0],"3":[0,0],"4":[0,0],"5":[0,0],"6":[0,0]},"_coverageSchema":"1a1c01bbd47fc00a2c39e90264f33305004495a9","hash":"152988f8672045a52e42849e8e37f59e11a4c994"}
,"/workspaces/DataPulse---Internal-Metrics-API-Dashboard-Platform/src/models/ViolationLog.js": {"path":"/workspaces/DataPulse---Internal-Metrics-API-Dashboard-Platform/src/models/ViolationLog.js","statementMap":{"0":{"start":{"line":3,"column":19},"end":{"line":3,"column":21}},"1":{"start":{"line":5,"column":21},"end":{"line":27,"column":1}},"2":{"start":{"line":7,"column":4},"end":{"line":7,"column":99}},"3":{"start":{"line":9,"column":4},"end":{"line":9,"column":53}},"4":{"start":{"line":9,"column":34},"end":{"line":9,"column":53}},"5":{"start":{"line":13,"column":4},"end":{"line":16,"column":17}},"6":{"start":{"line":14,"column":19},"end":{"line":14,"column":83}},"7":{"start":{"line":20,"column":4},"end":{"line":23,"column":17}},"8":{"start":{"line":21,"column":19},"end":{"line":21,"column":50}},"9":{"start":{"line":26,"column":13},"end":{"line":26,"column":35}},"10":{"start":{"line":29,"column":0},"end":{"line":29,"column":30}}},"fnMap":{"0":{"name":"(anonymous_0)","decl":{"start":{"line":6,"column":2},"end":{"line":6,"column":3}},"loc":{"start":{"line":6,"column":16},"end":{"line":10,"column":3}},"line":6},"1":{"name":"(anonymous_1)","decl":{"start":{"line":12,"column":2},"end":{"line":12,"column":3}},"loc":{"start":{"line":12,"column":65},"end":{"line":17,"column":3}},"line":12},"2":{"name":"(anonymous_2)","decl":{"start":{"line":14,"column":14},"end":{"line":14,"column":15}},"loc":{"start":{"line":14,"column":19},"end":{"line":14,"column":83}},"line":14},"3":{"name":"(anonymous_3)","decl":{"start":{"line":19,"column":2},"end":{"line":19,"column":3}},"loc":{"start":{"line":19,"column":43},"end":{"line":24,"column":3}},"line":19},"4":{"name":"(anonymous_4)","decl":{"start":{"line":21,"column":14},"end":{"line":21,"column":15}},"loc":{"start":{"line":21,"column":19},"end":{"line":21,"column":50}},"line":21},"5":{"name":"(anonymous_5)","decl":{"start":{"line":26,"column":2},"end":{"line":26,"column":3}},"loc":{"start":{"line":26,"column":11},"end":{"line":26,"column":37}},"line":26}},"branchMap":{"0":{"loc":{"start":{"line":9,"column":4},"end":{"line":9,"column":53}},"type":"if","locations":[{"start":{"line":9,"column":4},"end":{"line":9,"column":53}},{"start":{},"end":{}}],"line":9},"1":{"loc":{"start":{"line":12,"column":53},"end":{"line":12,"column":63}},"type":"default-arg","locations":[{"start":{"line":12,"column":61},"end":{"line":12,"column":63}}],"line":12},"2":{"loc":{"start":{"line":14,"column":19},"end":{"line":14,"column":83}},"type":"binary-expr","locations":[{"start":{"line":14,"column":19},"end":{"line":14,"column":50}},{"start":{"line":14,"column":54},"end":{"line":14,"column":83}}],"line":14},"3":{"loc":{"start":{"line":19,"column":31},"end":{"line":19,"column":41}},"type":"default-arg","locations":[{"start":{"line":19,"column":39},"end":{"line":19,"column":41}}],"line":19}},"s":{"0":1,"1":1,"2":4,"3":4,"4":0,"5":1,"6":1,"7":0,"8":0,"9":6,"10":1},"f":{"0":4,"1":1,"2":1,"3":0,"4":0,"5":6},"b":{"0":[0,4],"1":[1],"2":[1,1],"3":[0]},"_coverageSchema":"1a1c01bbd47fc00a2c39e90264f33305004495a9","hash":"5f9050791bbdd69cf88dcc49c1fcda484a8e9b01"}
,"/workspaces/DataPulse---Internal-Metrics-API-Dashboard-Platform/src/services/alertEngine.js": {"path":"/workspaces/DataPulse---Internal-Metrics-API-Dashboard-Platform/src/services/alertEngine.js","statementMap":{"0":{"start":{"line":14,"column":21},"end":{"line":14,"column":54}},"1":{"start":{"line":15,"column":22},"end":{"line":15,"column":48}},"2":{"start":{"line":16,"column":20},"end":{"line":16,"column":52}},"3":{"start":{"line":19,"column":18},"end":{"line":19,"column":27}},"4":{"start":{"line":21,"column":20},"end":{"line":95,"column":1}},"5":{"start":{"line":26,"column":19},"end":{"line":26,"column":92}},"6":{"start":{"line":27,"column":20},"end":{"line":27,"column":21}},"7":{"start":{"line":28,"column":20},"end":{"line":28,"column":22}},"8":{"start":{"line":30,"column":4},"end":{"line":35,"column":5}},"9":{"start":{"line":31,"column":6},"end":{"line":34,"column":7}},"10":{"start":{"line":32,"column":8},"end":{"line":32,"column":20}},"11":{"start":{"line":33,"column":8},"end":{"line":33,"column":79}},"12":{"start":{"line":37,"column":4},"end":{"line":42,"column":6}},"13":{"start":{"line":49,"column":4},"end":{"line":49,"column":53}},"14":{"start":{"line":49,"column":46},"end":{"line":49,"column":53}},"15":{"start":{"line":52,"column":22},"end":{"line":52,"column":45}},"16":{"start":{"line":53,"column":23},"end":{"line":53,"column":65}},"17":{"start":{"line":54,"column":4},"end":{"line":65,"column":5}},"18":{"start":{"line":55,"column":6},"end":{"line":63,"column":9}},"19":{"start":{"line":64,"column":6},"end":{"line":64,"column":13}},"20":{"start":{"line":67,"column":4},"end":{"line":67,"column":40}},"21":{"start":{"line":70,"column":4},"end":{"line":76,"column":7}},"22":{"start":{"line":78,"column":4},"end":{"line":85,"column":7}},"23":{"start":{"line":89,"column":14},"end":{"line":89,"column":27}},"24":{"start":{"line":90,"column":4},"end":{"line":90,"column":64}},"25":{"start":{"line":90,"column":37},"end":{"line":90,"column":64}},"26":{"start":{"line":91,"column":4},"end":{"line":91,"column":64}},"27":{"start":{"line":91,"column":37},"end":{"line":91,"column":64}},"28":{"start":{"line":92,"column":4},"end":{"line":92,"column":67}},"29":{"start":{"line":92,"column":38},"end":{"line":92,"column":67}},"30":{"start":{"line":93,"column":4},"end":{"line":93,"column":17}},"31":{"start":{"line":97,"column":0},"end":{"line":97,"column":29}}},"fnMap":{"0":{"name":"(anonymous_0)","decl":{"start":{"line":25,"column":2},"end":{"line":25,"column":3}},"loc":{"start":{"line":25,"column":34},"end":{"line":43,"column":3}},"line":25},"1":{"name":"(anonymous_1)","decl":{"start":{"line":48,"column":2},"end":{"line":48,"column":3}},"loc":{"start":{"line":48,"column":37},"end":{"line":86,"column":3}},"line":48},"2":{"name":"(anonymous_2)","decl":{"start":{"line":88,"column":2},"end":{"line":88,"column":3}},"loc":{"start":{"line":88,"column":27},"end":{"line":94,"column":3}},"line":88}},"branchMap":{"0":{"loc":{"start":{"line":25,"column":23},"end":{"line":25,"column":32}},"type":"default-arg","locations":[{"start":{"line":25,"column":30},"end":{"line":25,"column":32}}],"line":25},"1":{"loc":{"start":{"line":31,"column":6},"end":{"line":34,"column":7}},"type":"if","locations":[{"start":{"line":31,"column":6},"end":{"line":34,"column":7}},{"start":{},"end":{}}],"line":31},"2":{"loc":{"start":{"line":41,"column":23},"end":{"line":41,"column":82}},"type":"cond-expr","locations":[{"start":{"line":41,"column":40},"end":{"line":41,"column":46}},{"start":{"line":41,"column":49},"end":{"line":41,"column":82}}],"line":41},"3":{"loc":{"start":{"line":41,"column":49},"end":{"line":41,"column":82}},"type":"cond-expr","locations":[{"start":{"line":41,"column":66},"end":{"line":41,"column":74}},{"start":{"line":41,"column":77},"end":{"line":41,"column":82}}],"line":41},"4":{"loc":{"start":{"line":49,"column":4},"end":{"line":49,"column":53}},"type":"if","locations":[{"start":{"line":49,"column":4},"end":{"line":49,"column":53}},{"start":{},"end":{}}],"line":49},"5":{"loc":{"start":{"line":53,"column":24},"end":{"line":53,"column":52}},"type":"binary-expr","locations":[{"start":{"line":53,"column":24},"end":{"line":53,"column":46}},{"start":{"line":53,"column":50},"end":{"line":53,"column":52}}],"line":53},"6":{"loc":{"start":{"line":54,"column":4},"end":{"line":65,"column":5}},"type":"if","locations":[{"start":{"line":54,"column":4},"end":{"line":65,"column":5}},{"start":{},"end":{}}],"line":54},"7":{"loc":{"start":{"line":54,"column":8},"end":{"line":54,"column":56}},"type":"binary-expr","locations":[{"start":{"line":54,"column":8},"end":{"line":54,"column":17}},{"start":{"line":54,"column":21},"end":{"line":54,"column":56}}],"line":54},"8":{"loc":{"start":{"line":74,"column":16},"end":{"line":74,"column":40}},"type":"binary-expr","locations":[{"start":{"line":74,"column":16},"end":{"line":74,"column":30}},{"start":{"line":74,"column":34},"end":{"line":74,"column":40}}],"line":74},"9":{"loc":{"start":{"line":90,"column":4},"end":{"line":90,"column":64}},"type":"if","locations":[{"start":{"line":90,"column":4},"end":{"line":90,"column":64}},{"start":{},"end":{}}],"line":90},"10":{"loc":{"start":{"line":91,"column":4},"end":{"line":91,"column":64}},"type":"if","locations":[{"start":{"line":91,"column":4},"end":{"line":91,"column":64}},{"start":{},"end":{}}],"line":91},"11":{"loc":{"start":{"line":92,"column":4},"end":{"line":92,"column":67}},"type":"if","locations":[{"start":{"line":92,"column":4},"end":{"line":92,"column":67}},{"start":{},"end":{}}],"line":92}},"s":{"0":1,"1":1,"2":1,"3":1,"4":1,"5":0,"6":0,"7":0,"8":0,"9":0,"10":0,"11":0,"12":0,"13":4,"14":1,"15":3,"16":3,"17":3,"18":1,"19":1,"20":2,"21":2,"22":2,"23":4,"24":4,"25":4,"26":0,"27":0,"28":0,"29":0,"30":0,"31":1},"f":{"0":0,"1":4,"2":4},"b":{"0":[0],"1":[0,0],"2":[0,0],"3":[0,0],"4":[1,3],"5":[3,1],"6":[1,2],"7":[3,1],"8":[2,0],"9":[4,0],"10":[0,0],"11":[0,0]},"_coverageSchema":"1a1c01bbd47fc00a2c39e90264f33305004495a9","hash":"c63b68931217a266e45898eb4309c246c7ba3ea4"}
,"/workspaces/DataPulse---Internal-Metrics-API-Dashboard-Platform/src/services/contractValidator.js": {"path":"/workspaces/DataPulse---Internal-Metrics-API-Dashboard-Platform/src/services/contractValidator.js","statementMap":{"0":{"start":{"line":10,"column":22},"end":{"line":10,"column":57}},"1":{"start":{"line":11,"column":21},"end":{"line":11,"column":54}},"2":{"start":{"line":28,"column":19},"end":{"line":28,"column":71}},"3":{"start":{"line":31,"column":2},"end":{"line":38,"column":3}},"4":{"start":{"line":32,"column":4},"end":{"line":37,"column":6}},"5":{"start":{"line":40,"column":17},"end":{"line":40,"column":19}},"6":{"start":{"line":41,"column":19},"end":{"line":41,"column":21}},"7":{"start":{"line":44,"column":2},"end":{"line":48,"column":3}},"8":{"start":{"line":45,"column":4},"end":{"line":47,"column":6}},"9":{"start":{"line":51,"column":14},"end":{"line":51,"column":35}},"10":{"start":{"line":52,"column":2},"end":{"line":65,"column":3}},"11":{"start":{"line":53,"column":4},"end":{"line":57,"column":5}},"12":{"start":{"line":54,"column":6},"end":{"line":56,"column":8}},"13":{"start":{"line":58,"column":4},"end":{"line":62,"column":5}},"14":{"start":{"line":59,"column":6},"end":{"line":61,"column":8}},"15":{"start":{"line":64,"column":4},"end":{"line":64,"column":67}},"16":{"start":{"line":68,"column":16},"end":{"line":68,"column":38}},"17":{"start":{"line":69,"column":2},"end":{"line":75,"column":3}},"18":{"start":{"line":70,"column":4},"end":{"line":74,"column":5}},"19":{"start":{"line":71,"column":6},"end":{"line":73,"column":7}},"20":{"start":{"line":72,"column":8},"end":{"line":72,"column":74}},"21":{"start":{"line":76,"column":2},"end":{"line":87,"column":3}},"22":{"start":{"line":77,"column":4},"end":{"line":86,"column":5}},"23":{"start":{"line":78,"column":6},"end":{"line":85,"column":7}},"24":{"start":{"line":79,"column":27},"end":{"line":79,"column":48}},"25":{"start":{"line":80,"column":8},"end":{"line":84,"column":9}},"26":{"start":{"line":81,"column":10},"end":{"line":83,"column":12}},"27":{"start":{"line":90,"column":2},"end":{"line":100,"column":3}},"28":{"start":{"line":96,"column":4},"end":{"line":99,"column":6}},"29":{"start":{"line":103,"column":15},"end":{"line":103,"column":19}},"30":{"start":{"line":104,"column":2},"end":{"line":107,"column":3}},"31":{"start":{"line":105,"column":4},"end":{"line":105,"column":73}},"32":{"start":{"line":106,"column":4},"end":{"line":106,"column":71}},"33":{"start":{"line":106,"column":46},"end":{"line":106,"column":71}},"34":{"start":{"line":110,"column":2},"end":{"line":124,"column":3}},"35":{"start":{"line":111,"column":4},"end":{"line":123,"column":7}},"36":{"start":{"line":126,"column":2},"end":{"line":126,"column":89}},"37":{"start":{"line":134,"column":17},"end":{"line":134,"column":88}},"38":{"start":{"line":134,"column":22},"end":{"line":134,"column":88}},"39":{"start":{"line":135,"column":2},"end":{"line":135,"column":43}},"40":{"start":{"line":138,"column":0},"end":{"line":138,"column":30}}},"fnMap":{"0":{"name":"validate","decl":{"start":{"line":27,"column":9},"end":{"line":27,"column":17}},"loc":{"start":{"line":27,"column":41},"end":{"line":127,"column":1}},"line":27},"1":{"name":"_isCompatibleVersion","decl":{"start":{"line":133,"column":9},"end":{"line":133,"column":29}},"loc":{"start":{"line":133,"column":46},"end":{"line":136,"column":1}},"line":133},"2":{"name":"(anonymous_2)","decl":{"start":{"line":134,"column":17},"end":{"line":134,"column":18}},"loc":{"start":{"line":134,"column":22},"end":{"line":134,"column":88}},"line":134}},"branchMap":{"0":{"loc":{"start":{"line":31,"column":2},"end":{"line":38,"column":3}},"type":"if","locations":[{"start":{"line":31,"column":2},"end":{"line":38,"column":3}},{"start":{},"end":{}}],"line":31},"1":{"loc":{"start":{"line":44,"column":2},"end":{"line":48,"column":3}},"type":"if","locations":[{"start":{"line":44,"column":2},"end":{"line":48,"column":3}},{"start":{},"end":{}}],"line":44},"2":{"loc":{"start":{"line":44,"column":6},"end":{"line":44,"column":69}},"type":"binary-expr","locations":[{"start":{"line":44,"column":6},"end":{"line":44,"column":19}},{"start":{"line":44,"column":23},"end":{"line":44,"column":35}},{"start":{"line":44,"column":39},"end":{"line":44,"column":69}}],"line":44},"3":{"loc":{"start":{"line":52,"column":2},"end":{"line":65,"column":3}},"type":"if","locations":[{"start":{"line":52,"column":2},"end":{"line":65,"column":3}},{"start":{"line":63,"column":9},"end":{"line":65,"column":3}}],"line":52},"4":{"loc":{"start":{"line":53,"column":4},"end":{"line":57,"column":5}},"type":"if","locations":[{"start":{"line":53,"column":4},"end":{"line":57,"column":5}},{"start":{},"end":{}}],"line":53},"5":{"loc":{"start":{"line":53,"column":8},"end":{"line":53,"column":67}},"type":"binary-expr","locations":[{"start":{"line":53,"column":8},"end":{"line":53,"column":37}},{"start":{"line":53,"column":41},"end":{"line":53,"column":67}}],"line":53},"6":{"loc":{"start":{"line":58,"column":4},"end":{"line":62,"column":5}},"type":"if","locations":[{"start":{"line":58,"column":4},"end":{"line":62,"column":5}},{"start":{},"end":{}}],"line":58},"7":{"loc":{"start":{"line":58,"column":8},"end":{"line":58,"column":67}},"type":"binary-expr","locations":[{"start":{"line":58,"column":8},"end":{"line":58,"column":37}},{"start":{"line":58,"column":41},"end":{"line":58,"column":67}}],"line":58},"8":{"loc":{"start":{"line":69,"column":2},"end":{"line":75,"column":3}},"type":"if","locations":[{"start":{"line":69,"column":2},"end":{"line":75,"column":3}},{"start":{},"end":{}}],"line":69},"9":{"loc":{"start":{"line":69,"column":6},"end":{"line":69,"column":29}},"type":"binary-expr","locations":[{"start":{"line":69,"column":6},"end":{"line":69,"column":11}},{"start":{"line":69,"column":15},"end":{"line":69,"column":29}}],"line":69},"10":{"loc":{"start":{"line":71,"column":6},"end":{"line":73,"column":7}},"type":"if","locations":[{"start":{"line":71,"column":6},"end":{"line":73,"column":7}},{"start":{},"end":{}}],"line":71},"11":{"loc":{"start":{"line":71,"column":10},"end":{"line":71,"column":65}},"type":"binary-expr","locations":[{"start":{"line":71,"column":10},"end":{"line":71,"column":38}},{"start":{"line":71,"column":42},"end":{"line":71,"column":65}}],"line":71},"12":{"loc":{"start":{"line":76,"column":2},"end":{"line":87,"column":3}},"type":"if","locations":[{"start":{"line":76,"column":2},"end":{"line":87,"column":3}},{"start":{},"end":{}}],"line":76},"13":{"loc":{"start":{"line":76,"column":6},"end":{"line":76,"column":26}},"type":"binary-expr","locations":[{"start":{"line":76,"column":6},"end":{"line":76,"column":11}},{"start":{"line":76,"column":15},"end":{"line":76,"column":26}}],"line":76},"14":{"loc":{"start":{"line":78,"column":6},"end":{"line":85,"column":7}},"type":"if","locations":[{"start":{"line":78,"column":6},"end":{"line":85,"column":7}},{"start":{},"end":{}}],"line":78},"15":{"loc":{"start":{"line":80,"column":8},"end":{"line":84,"column":9}},"type":"if","locations":[{"start":{"line":80,"column":8},"end":{"line":84,"column":9}},{"start":{},"end":{}}],"line":80},"16":{"loc":{"start":{"line":90,"column":2},"end":{"line":100,"column":3}},"type":"if","locations":[{"start":{"line":90,"column":2},"end":{"line":100,"column":3}},{"start":{},"end":{}}],"line":90},"17":{"loc":{"start":{"line":91,"column":4},"end":{"line":94,"column":68}},"type":"binary-expr","locations":[{"start":{"line":91,"column":4},"end":{"line":91,"column":65}},{"start":{"line":92,"column":4},"end":{"line":92,"column":19}},{"start":{"line":93,"column":4},"end":{"line":93,"column":28}},{"start":{"line":94,"column":4},"end":{"line":94,"column":68}}],"line":91},"18":{"loc":{"start":{"line":104,"column":2},"end":{"line":107,"column":3}},"type":"if","locations":[{"start":{"line":104,"column":2},"end":{"line":107,"column":3}},{"start":{},"end":{}}],"line":104},"19":{"loc":{"start":{"line":105,"column":13},"end":{"line":105,"column":72}},"type":"cond-expr","locations":[{"start":{"line":105,"column":57},"end":{"line":105,"column":63}},{"start":{"line":105,"column":66},"end":{"line":105,"column":72}}],"line":105},"20":{"loc":{"start":{"line":106,"column":4},"end":{"line":106,"column":71}},"type":"if","locations":[{"start":{"line":106,"column":4},"end":{"line":106,"column":71}},{"start":{},"end":{}}],"line":106},"21":{"loc":{"start":{"line":110,"column":2},"end":{"line":124,"column":3}},"type":"if","locations":[{"start":{"line":110,"column":2},"end":{"line":124,"column":3}},{"start":{},"end":{}}],"line":110},"22":{"loc":{"start":{"line":110,"column":6},"end":{"line":110,"column":46}},"type":"binary-expr","locations":[{"start":{"line":110,"column":6},"end":{"line":110,"column":23}},{"start":{"line":110,"column":27},"end":{"line":110,"column":46}}],"line":110},"23":{"loc":{"start":{"line":126,"column":37},"end":{"line":126,"column":76}},"type":"cond-expr","locations":[{"start":{"line":126,"column":57},"end":{"line":126,"column":65}},{"start":{"line":126,"column":68},"end":{"line":126,"column":76}}],"line":126},"24":{"loc":{"start":{"line":134,"column":32},"end":{"line":134,"column":40}},"type":"binary-expr","locations":[{"start":{"line":134,"column":32},"end":{"line":134,"column":33}},{"start":{"line":134,"column":37},"end":{"line":134,"column":40}}],"line":134}},"s":{"0":1,"1":1,"2":6,"3":6,"4":1,"5":5,"6":5,"7":5,"8":2,"9":5,"10":5,"11":5,"12":0,"13":5,"14":2,"15":0,"16":5,"17":5,"18":5,"19":5,"20":0,"21":5,"22":5,"23":5,"24":5,"25":5,"26":0,"27":5,"28":0,"29":5,"30":5,"31":4,"32":4,"33":1,"34":5,"35":4,"36":5,"37":0,"38":0,"39":0,"40":1},"f":{"0":6,"1":0,"2":0},"b":{"0":[1,5],"1":[2,3],"2":[5,5,5],"3":[5,0],"4":[0,5],"5":[5,2],"6":[2,3],"7":[5,3],"8":[5,0],"9":[5,5],"10":[0,5],"11":[5,5],"12":[5,0],"13":[5,5],"14":[5,0],"15":[0,5],"16":[0,5],"17":[5,5,0,0],"18":[4,1],"19":[3,1],"20":[1,3],"21":[4,1],"22":[5,1],"23":[1,4],"24":[0,0]},"_coverageSchema":"1a1c01bbd47fc00a2c39e90264f33305004495a9","hash":"2a64bc1a0fc6bab6b0a402fa4bc5c5958e4524dc"}
}
