TN:
SF:src/middleware/auth.js
FN:19,requireAuth
FN:61,requireRole
FN:62,(anonymous_2)
FN:65,(anonymous_3)
FNF:4
FNH:3
FNDA:0,requireAuth
FNDA:3,requireRole
FNDA:3,(anonymous_2)
FNDA:4,(anonymous_3)
DA:13,1
DA:14,1
DA:15,1
DA:17,1
DA:21,0
DA:22,0
DA:23,0
DA:24,0
DA:25,0
DA:30,0
DA:31,0
DA:32,0
DA:33,0
DA:34,0
DA:38,0
DA:39,0
DA:40,0
DA:41,0
DA:42,0
DA:43,0
DA:44,0
DA:45,0
DA:46,0
DA:48,0
DA:55,0
DA:62,3
DA:63,3
DA:64,3
DA:65,4
DA:67,3
DA:68,1
DA:74,2
DA:78,1
LF:33
LH:12
BRDA:17,0,0,1
BRDA:17,0,1,1
BRDA:21,1,0,0
BRDA:21,1,1,0
BRDA:22,2,0,0
BRDA:22,2,1,0
BRDA:24,3,0,0
BRDA:24,3,1,0
BRDA:24,4,0,0
BRDA:24,4,1,0
BRDA:32,5,0,0
BRDA:32,5,1,0
BRDA:39,6,0,0
BRDA:39,6,1,0
BRDA:39,7,0,0
BRDA:39,7,1,0
BRDA:45,8,0,0
BRDA:45,8,1,0
BRDA:64,9,0,3
BRDA:64,9,1,0
BRDA:65,10,0,4
BRDA:65,10,1,0
BRDA:67,11,0,1
BRDA:67,11,1,2
BRF:24
BRH:6
end_of_record
TN:
SF:src/middleware/idempotency.js
FN:13,checkIdempotency
FN:34,markProcessed
FNF:2
FNH:2
FNDA:2,checkIdempotency
FNDA:1,markProcessed
DA:10,1
DA:11,1
DA:14,2
DA:15,2
DA:17,2
DA:19,2
DA:20,2
DA:21,1
DA:22,1
DA:23,1
DA:28,0
DA:31,1
DA:35,1
DA:37,1
DA:38,1
DA:42,1
LF:16
LH:15
BRDA:15,0,0,0
BRDA:15,0,1,2
BRDA:20,1,0,1
BRDA:20,1,1,1
BRDA:22,2,0,1
BRDA:22,2,1,0
BRDA:38,3,0,0
BRDA:38,3,1,1
BRF:8
BRH:5
end_of_record
TN:
SF:src/models/AlertHistory.js
FN:6,(anonymous_0)
FN:11,(anonymous_1)
FN:12,(anonymous_2)
FN:15,(anonymous_3)
FN:16,(anonymous_4)
FN:19,(anonymous_5)
FNF:6
FNH:4
FNDA:3,(anonymous_0)
FNDA:2,(anonymous_1)
FNDA:3,(anonymous_2)
FNDA:0,(anonymous_3)
FNDA:0,(anonymous_4)
FNDA:3,(anonymous_5)
DA:3,1
DA:5,1
DA:7,3
DA:8,3
DA:12,3
DA:16,0
DA:19,3
DA:22,1
LF:8
LH:7
BRDA:8,0,0,0
BRDA:8,0,1,3
BRDA:15,1,0,0
BRF:3
BRH:1
end_of_record
TN:
SF:src/models/ApiKey.js
FN:12,(anonymous_0)
FN:34,(anonymous_1)
FN:39,(anonymous_2)
FN:41,(anonymous_3)
FN:42,(anonymous_4)
FN:45,(anonymous_5)
FN:56,(anonymous_6)
FN:65,(anonymous_7)
FNF:8
FNH:0
FNDA:0,(anonymous_0)
FNDA:0,(anonymous_1)
FNDA:0,(anonymous_2)
FNDA:0,(anonymous_3)
FNDA:0,(anonymous_4)
FNDA:0,(anonymous_5)
FNDA:0,(anonymous_6)
FNDA:0,(anonymous_7)
DA:7,1
DA:9,1
DA:11,1
DA:13,0
DA:14,0
DA:16,0
DA:29,0
DA:31,0
DA:35,0
DA:36,0
DA:40,0
DA:41,0
DA:42,0
DA:46,0
DA:47,0
DA:48,0
DA:49,0
DA:50,0
DA:53,0
DA:57,0
DA:58,0
DA:59,0
DA:60,0
DA:61,0
DA:65,0
DA:68,1
LF:26
LH:4
BRDA:12,0,0,0
BRDA:12,1,0,0
BRDA:12,2,0,0
BRDA:36,3,0,0
BRDA:36,3,1,0
BRDA:47,4,0,0
BRDA:47,4,1,0
BRDA:47,5,0,0
BRDA:47,5,1,0
BRDA:59,6,0,0
BRDA:59,6,1,0
BRF:11
BRH:0
end_of_record
TN:
SF:src/models/MetricContract.js
FN:34,(anonymous_0)
FN:62,(anonymous_1)
FN:69,(anonymous_2)
FN:80,(anonymous_3)
FN:85,(anonymous_4)
FN:86,(anonymous_5)
FNF:6
FNH:3
FNDA:5,(anonymous_0)
FNDA:6,(anonymous_1)
FNDA:0,(anonymous_2)
FNDA:0,(anonymous_3)
FNDA:6,(anonymous_4)
FNDA:0,(anonymous_5)
DA:10,1
DA:30,1
DA:35,5
DA:36,5
DA:38,5
DA:55,5
DA:56,5
DA:63,6
DA:70,0
DA:71,0
DA:72,0
DA:74,0
DA:81,0
DA:85,6
DA:86,0
DA:89,1
LF:16
LH:10
BRDA:41,0,0,5
BRDA:41,0,1,5
BRDA:43,1,0,5
BRDA:43,1,1,3
BRDA:44,2,0,5
BRDA:44,2,1,2
BRDA:45,3,0,5
BRDA:45,3,1,5
BRDA:46,4,0,5
BRDA:46,4,1,5
BRDA:47,5,0,5
BRDA:47,5,1,5
BRDA:48,6,0,5
BRDA:48,6,1,5
BRDA:49,7,0,5
BRDA:49,7,1,0
BRDA:50,8,0,5
BRDA:50,8,1,5
BRDA:52,9,0,5
BRDA:52,9,1,5
BRDA:63,10,0,6
BRDA:63,10,1,1
BRDA:72,11,0,0
BRDA:72,11,1,0
BRF:24
BRH:21
end_of_record
TN:
SF:src/models/MetricEvent.js
FN:8,(anonymous_0)
FN:18,(anonymous_1)
FN:20,(anonymous_2)
FN:25,(anonymous_3)
FN:28,(anonymous_4)
FN:36,(anonymous_5)
FNF:6
FNH:0
FNDA:0,(anonymous_0)
FNDA:0,(anonymous_1)
FNDA:0,(anonymous_2)
FNDA:0,(anonymous_3)
FNDA:0,(anonymous_4)
FNDA:0,(anonymous_5)
DA:3,1
DA:5,1
DA:7,1
DA:9,0
DA:14,0
DA:15,0
DA:19,0
DA:20,0
DA:22,0
DA:26,0
DA:27,0
DA:29,0
DA:33,0
DA:36,0
DA:39,1
LF:15
LH:4
BRDA:20,0,0,0
BRDA:20,0,1,0
BRDA:22,1,0,0
BRDA:22,1,1,0
BRDA:25,2,0,0
BRDA:29,3,0,0
BRDA:29,3,1,0
BRDA:29,3,2,0
BRDA:31,4,0,0
BRDA:31,4,1,0
BRF:10
BRH:0
end_of_record
TN:
SF:src/models/User.js
FN:16,(anonymous_0)
FN:31,(anonymous_1)
FN:35,(anonymous_2)
FN:41,(anonymous_3)
FN:48,(anonymous_4)
FN:61,(anonymous_5)
FNF:6
FNH:0
FNDA:0,(anonymous_0)
FNDA:0,(anonymous_1)
FNDA:0,(anonymous_2)
FNDA:0,(anonymous_3)
FNDA:0,(anonymous_4)
FNDA:0,(anonymous_5)
DA:10,1
DA:12,1
DA:13,1
DA:15,1
DA:17,0
DA:19,0
DA:27,0
DA:28,0
DA:32,0
DA:36,0
DA:37,0
DA:38,0
DA:42,0
DA:43,0
DA:44,0
DA:45,0
DA:49,0
DA:50,0
DA:51,0
DA:52,0
DA:53,0
DA:55,0
DA:56,0
DA:57,0
DA:58,0
DA:61,0
DA:64,1
LF:27
LH:5
BRDA:16,0,0,0
BRDA:17,1,0,0
BRDA:17,1,1,0
BRDA:32,2,0,0
BRDA:32,2,1,0
BRDA:37,3,0,0
BRDA:37,3,1,0
BRDA:50,4,0,0
BRDA:50,4,1,0
BRDA:51,5,0,0
BRDA:51,5,1,0
BRDA:57,6,0,0
BRDA:57,6,1,0
BRF:13
BRH:0
end_of_record
TN:
SF:src/models/ViolationLog.js
FN:6,(anonymous_0)
FN:12,(anonymous_1)
FN:14,(anonymous_2)
FN:19,(anonymous_3)
FN:21,(anonymous_4)
FN:26,(anonymous_5)
FNF:6
FNH:4
FNDA:4,(anonymous_0)
FNDA:1,(anonymous_1)
FNDA:1,(anonymous_2)
FNDA:0,(anonymous_3)
FNDA:0,(anonymous_4)
FNDA:6,(anonymous_5)
DA:3,1
DA:5,1
DA:7,4
DA:9,4
DA:13,1
DA:14,1
DA:20,0
DA:21,0
DA:26,6
DA:29,1
LF:10
LH:8
BRDA:9,0,0,0
BRDA:9,0,1,4
BRDA:12,1,0,1
BRDA:14,2,0,1
BRDA:14,2,1,1
BRDA:19,3,0,0
BRF:6
BRH:4
end_of_record
TN:
SF:src/services/alertEngine.js
FN:25,(anonymous_0)
FN:48,(anonymous_1)
FN:88,(anonymous_2)
FNF:3
FNH:2
FNDA:0,(anonymous_0)
FNDA:4,(anonymous_1)
FNDA:4,(anonymous_2)
DA:14,1
DA:15,1
DA:16,1
DA:19,1
DA:21,1
DA:26,0
DA:27,0
DA:28,0
DA:30,0
DA:31,0
DA:32,0
DA:33,0
DA:37,0
DA:49,4
DA:52,3
DA:53,3
DA:54,3
DA:55,1
DA:64,1
DA:67,2
DA:70,2
DA:78,2
DA:89,4
DA:90,4
DA:91,0
DA:92,0
DA:93,0
DA:97,1
LF:28
LH:17
BRDA:25,0,0,0
BRDA:31,1,0,0
BRDA:31,1,1,0
BRDA:41,2,0,0
BRDA:41,2,1,0
BRDA:41,3,0,0
BRDA:41,3,1,0
BRDA:49,4,0,1
BRDA:49,4,1,3
BRDA:53,5,0,3
BRDA:53,5,1,1
BRDA:54,6,0,1
BRDA:54,6,1,2
BRDA:54,7,0,3
BRDA:54,7,1,1
BRDA:74,8,0,2
BRDA:74,8,1,0
BRDA:90,9,0,4
BRDA:90,9,1,0
BRDA:91,10,0,0
BRDA:91,10,1,0
BRDA:92,11,0,0
BRDA:92,11,1,0
BRF:23
BRH:10
end_of_record
TN:
SF:src/services/contractValidator.js
FN:27,validate
FN:133,_isCompatibleVersion
FN:134,(anonymous_2)
FNF:3
FNH:1
FNDA:6,validate
FNDA:0,_isCompatibleVersion
FNDA:0,(anonymous_2)
DA:10,1
DA:11,1
DA:28,6
DA:31,6
DA:32,1
DA:40,5
DA:41,5
DA:44,5
DA:45,2
DA:51,5
DA:52,5
DA:53,5
DA:54,0
DA:58,5
DA:59,2
DA:64,0
DA:68,5
DA:69,5
DA:70,5
DA:71,5
DA:72,0
DA:76,5
DA:77,5
DA:78,5
DA:79,5
DA:80,5
DA:81,0
DA:90,5
DA:96,0
DA:103,5
DA:104,5
DA:105,4
DA:106,4
DA:110,5
DA:111,4
DA:126,5
DA:134,0
DA:135,0
DA:138,1
LF:39
LH:32
BRDA:31,0,0,1
BRDA:31,0,1,5
BRDA:44,1,0,2
BRDA:44,1,1,3
BRDA:44,2,0,5
BRDA:44,2,1,5
BRDA:44,2,2,5
BRDA:52,3,0,5
BRDA:52,3,1,0
BRDA:53,4,0,0
BRDA:53,4,1,5
BRDA:53,5,0,5
BRDA:53,5,1,2
BRDA:58,6,0,2
BRDA:58,6,1,3
BRDA:58,7,0,5
BRDA:58,7,1,3
BRDA:69,8,0,5
BRDA:69,8,1,0
BRDA:69,9,0,5
BRDA:69,9,1,5
BRDA:71,10,0,0
BRDA:71,10,1,5
BRDA:71,11,0,5
BRDA:71,11,1,5
BRDA:76,12,0,5
BRDA:76,12,1,0
BRDA:76,13,0,5
BRDA:76,13,1,5
BRDA:78,14,0,5
BRDA:78,14,1,0
BRDA:80,15,0,0
BRDA:80,15,1,5
BRDA:90,16,0,0
BRDA:90,16,1,5
BRDA:91,17,0,5
BRDA:91,17,1,5
BRDA:91,17,2,0
BRDA:91,17,3,0
BRDA:104,18,0,4
BRDA:104,18,1,1
BRDA:105,19,0,3
BRDA:105,19,1,1
BRDA:106,20,0,1
BRDA:106,20,1,3
BRDA:110,21,0,4
BRDA:110,21,1,1
BRDA:110,22,0,5
BRDA:110,22,1,1
BRDA:126,23,0,1
BRDA:126,23,1,4
BRDA:134,24,0,0
BRDA:134,24,1,0
BRF:53
BRH:41
end_of_record
